<?xml version="1.0" encoding="UTF-8"?>
<!-- Generated by org.testng.reporters.JUnitReportReporter -->
<testsuite hostname="DESKTOP-7IL8GUR" failures="0" tests="6" name="Runner.Runnerclass" time="122.434" errors="0" timestamp="2025-04-02T23:57:51 IST" skipped="0">
  <testcase classname="Runner.Runnerclass" name="runScenario" time="18.230"/>
  <testcase classname="Runner.Runnerclass" name="runScenario" time="19.236"/>
  <testcase classname="Runner.Runnerclass" name="runScenario" time="19.070"/>
  <testcase classname="Runner.Runnerclass" name="runScenario" time="18.952"/>
  <testcase classname="Runner.Runnerclass" name="runScenario" time="26.897"/>
  <testcase classname="Runner.Runnerclass" name="runScenario" time="20.049"/>
</testsuite> <!-- Runner.Runnerclass -->
